2021-07-21 14:16:18.205  WARN 18795 --- [main] o.s.boot.StartupInfoLogger               : InetAddress.getLocalHost().getHostName() took 5005 milliseconds to respond. Please verify your network configuration (macOS machines may need to add entries to /etc/hosts).
2021-07-21 14:16:23.222  INFO 18795 --- [main] c.h.a.c.CustomScannersServiceApplication : Starting CustomScannersServiceApplication on Matheuss-MacBook-Pro.local with PID 18795 (/Users/matheus.cardosoibm.com/.vscode/extensions/hcltechnologies.hclappscancodesweep-1.1.4/lib/custom-scanners-service-1.0.11.jar started by matheus.cardosoibm.com in /Users/matheus.cardosoibm.com/Desktop/vue_projects/reaction-tim)
2021-07-21 14:16:23.223  INFO 18795 --- [main] c.h.a.c.CustomScannersServiceApplication : No active profile set, falling back to default profiles: default
2021-07-21 14:16:25.010  INFO 18795 --- [main] o.s.b.w.embedded.tomcat.TomcatWebServer  : Tomcat initialized with port(s): 9221 (http)
2021-07-21 14:16:25.033  INFO 18795 --- [main] o.apache.catalina.core.StandardService   : Starting service [Tomcat]
2021-07-21 14:16:25.033  INFO 18795 --- [main] org.apache.catalina.core.StandardEngine  : Starting Servlet engine: [Apache Tomcat/9.0.29]
2021-07-21 14:16:25.154  INFO 18795 --- [main] o.a.c.c.C.[Tomcat].[localhost].[/]       : Initializing Spring embedded WebApplicationContext
2021-07-21 14:16:25.154 DEBUG 18795 --- [main] o.s.web.context.ContextLoader            : Published root WebApplicationContext as ServletContext attribute with name [org.springframework.web.context.WebApplicationContext.ROOT]
2021-07-21 14:16:25.155  INFO 18795 --- [main] o.s.web.context.ContextLoader            : Root WebApplicationContext: initialization completed in 1863 ms
2021-07-21 14:16:25.377 DEBUG 18795 --- [main] o.s.b.w.s.ServletContextInitializerBeans : Mapping filters: filterRegistrationBean urls=[/*] order=-2147483647, characterEncodingFilter urls=[/*] order=-2147483648, formContentFilter urls=[/*] order=-9900, requestContextFilter urls=[/*] order=-105
2021-07-21 14:16:25.378 DEBUG 18795 --- [main] o.s.b.w.s.ServletContextInitializerBeans : Mapping servlets: dispatcherServlet urls=[/]
2021-07-21 14:16:26.878 DEBUG 18795 --- [main] s.w.s.m.m.a.RequestMappingHandlerMapping : 19 mappings in 'requestMappingHandlerMapping'
2021-07-21 14:16:26.929  INFO 18795 --- [main] o.s.b.a.e.web.EndpointLinksResolver      : Exposing 2 endpoint(s) beneath base path '/actuator'
2021-07-21 14:16:27.019  INFO 18795 --- [main] pertySourcedRequestMappingHandlerMapping : Mapped URL path [/v2/api-docs] onto method [springfox.documentation.swagger2.web.Swagger2Controller#getDocumentation(String, HttpServletRequest)]
2021-07-21 14:16:27.113  INFO 18795 --- [main] o.s.s.concurrent.ThreadPoolTaskExecutor  : Initializing ExecutorService 'applicationTaskExecutor'
2021-07-21 14:16:27.138 DEBUG 18795 --- [main] s.w.s.m.m.a.RequestMappingHandlerAdapter : ControllerAdvice beans: 0 @ModelAttribute, 0 @InitBinder, 1 RequestBodyAdvice, 1 ResponseBodyAdvice
2021-07-21 14:16:27.195  INFO 18795 --- [main] o.s.b.a.w.s.WelcomePageHandlerMapping    : Adding welcome page: ServletContext resource [/index.html]
2021-07-21 14:16:27.216 DEBUG 18795 --- [main] o.s.w.s.handler.SimpleUrlHandlerMapping  : Patterns [/webjars/**, /**] in 'resourceHandlerMapping'
2021-07-21 14:16:27.225 DEBUG 18795 --- [main] .m.m.a.ExceptionHandlerExceptionResolver : ControllerAdvice beans: 1 @ExceptionHandler, 1 ResponseBodyAdvice
2021-07-21 14:16:27.285  INFO 18795 --- [main] d.s.w.p.DocumentationPluginsBootstrapper : Context refreshed
2021-07-21 14:16:27.315  INFO 18795 --- [main] d.s.w.p.DocumentationPluginsBootstrapper : Found 1 custom documentation plugin(s)
2021-07-21 14:16:27.360  INFO 18795 --- [main] s.d.s.w.s.ApiListingReferenceScanner     : Scanning for api listing references
2021-07-21 14:16:27.669  INFO 18795 --- [main] o.s.b.w.embedded.tomcat.TomcatWebServer  : Tomcat started on port(s): 9221 (http) with context path ''
2021-07-21 14:16:27.672  INFO 18795 --- [main] c.h.a.c.CustomScannersServiceApplication : Started CustomScannersServiceApplication in 20.364 seconds (JVM running for 21.629)
2021-07-21 14:16:27.773  INFO 18795 --- [http-nio-9221-exec-1] o.a.c.c.C.[Tomcat].[localhost].[/]       : Initializing Spring DispatcherServlet 'dispatcherServlet'
2021-07-21 14:16:27.774  INFO 18795 --- [http-nio-9221-exec-1] o.s.web.servlet.DispatcherServlet        : Initializing Servlet 'dispatcherServlet'
2021-07-21 14:16:27.774 DEBUG 18795 --- [http-nio-9221-exec-1] o.s.web.servlet.DispatcherServlet        : Detected StandardServletMultipartResolver
2021-07-21 14:16:27.781 DEBUG 18795 --- [http-nio-9221-exec-1] o.s.web.servlet.DispatcherServlet        : enableLoggingRequestDetails='false': request parameters and headers will be masked to prevent unsafe logging of potentially sensitive data
2021-07-21 14:16:27.781  INFO 18795 --- [http-nio-9221-exec-1] o.s.web.servlet.DispatcherServlet        : Completed initialization in 7 ms
2021-07-21 14:16:27.793 DEBUG 18795 --- [http-nio-9221-exec-1] o.s.web.servlet.DispatcherServlet        : POST "/v1/asoc/login", parameters={}
2021-07-21 14:16:27.794 DEBUG 18795 --- [http-nio-9221-exec-2] o.s.web.servlet.DispatcherServlet        : GET "/v1/scanRules", parameters={}
2021-07-21 14:16:27.801 DEBUG 18795 --- [http-nio-9221-exec-1] s.w.s.m.m.a.RequestMappingHandlerMapping : Mapped to com.hcl.appscan.customscannersservice.controller.CustomScannersController#asocLogin(AsocCreds)
2021-07-21 14:16:27.801 DEBUG 18795 --- [http-nio-9221-exec-2] s.w.s.m.m.a.RequestMappingHandlerMapping : Mapped to com.hcl.appscan.customscannersservice.controller.CustomScannersController#getScanRules(String[])
2021-07-21 14:16:27.828 DEBUG 18795 --- [http-nio-9221-exec-2] o.s.w.s.m.m.a.HttpEntityMethodProcessor  : Using 'application/json', given [application/json] and supported [application/json]
2021-07-21 14:16:27.837 DEBUG 18795 --- [http-nio-9221-exec-2] o.s.w.s.m.m.a.HttpEntityMethodProcessor  : Writing [{Golang={com.ouncelabs.languagelite.golang.rules.WeakCryptoGolang=CustomScannersServiceScanRule{rule (truncated)...]
2021-07-21 14:16:27.871 DEBUG 18795 --- [http-nio-9221-exec-1] m.m.a.RequestResponseBodyMethodProcessor : Read "application/json;charset=UTF-8" to [com.hcl.appscan.customscannersservice.asoc.AsocCreds@16baedf2]
2021-07-21 14:16:27.881 DEBUG 18795 --- [http-nio-9221-exec-2] o.s.web.servlet.DispatcherServlet        : Completed 200 OK
2021-07-21 14:16:31.556 DEBUG 18795 --- [http-nio-9221-exec-1] o.s.w.s.m.m.a.HttpEntityMethodProcessor  : No match for [*/*], supported: []
2021-07-21 14:16:31.556 DEBUG 18795 --- [http-nio-9221-exec-1] o.s.web.servlet.DispatcherServlet        : Completed 200 OK
2021-07-21 14:29:52.002 DEBUG 18795 --- [http-nio-9221-exec-3] o.s.web.servlet.DispatcherServlet        : POST "/v1/scanFile", parameters={masked}
2021-07-21 14:29:52.008 DEBUG 18795 --- [http-nio-9221-exec-3] s.w.s.m.m.a.RequestMappingHandlerMapping : Mapped to com.hcl.appscan.customscannersservice.controller.CustomScannersController#runScanFile(MultipartFile, String, int[])
2021-07-21 14:29:52.017 DEBUG 18795 --- [http-nio-9221-exec-3] .m.m.a.ExceptionHandlerExceptionResolver : Using @ExceptionHandler com.hcl.appscan.customscannersservice.controller.CustomScannersControllerAdvice#handleInvalidArgument(IllegalArgumentException)
2021-07-21 14:29:52.022 DEBUG 18795 --- [http-nio-9221-exec-3] o.s.w.s.m.m.a.HttpEntityMethodProcessor  : Using 'application/json', given [application/json] and supported [application/json, application/*+json, application/json, application/*+json]
2021-07-21 14:29:52.022 DEBUG 18795 --- [http-nio-9221-exec-3] o.s.w.s.m.m.a.HttpEntityMethodProcessor  : Writing [com.hcl.appscan.customscannersservice.controller.CustomScannersControllerAdvice$ErrorMessage@732c3b6 (truncated)...]
2021-07-21 14:29:52.024 DEBUG 18795 --- [http-nio-9221-exec-3] .m.m.a.ExceptionHandlerExceptionResolver : Resolved [java.lang.IllegalArgumentException: The following file type is not supported: md]
2021-07-21 14:29:52.024 DEBUG 18795 --- [http-nio-9221-exec-3] o.s.web.servlet.DispatcherServlet        : Completed 422 UNPROCESSABLE_ENTITY
2021-07-21 14:31:47.307 DEBUG 18795 --- [http-nio-9221-exec-4] o.s.web.servlet.DispatcherServlet        : POST "/v1/scanFile", parameters={masked}
2021-07-21 14:31:47.308 DEBUG 18795 --- [http-nio-9221-exec-4] s.w.s.m.m.a.RequestMappingHandlerMapping : Mapped to com.hcl.appscan.customscannersservice.controller.CustomScannersController#runScanFile(MultipartFile, String, int[])
2021-07-21 14:31:47.310 DEBUG 18795 --- [http-nio-9221-exec-4] .m.m.a.ExceptionHandlerExceptionResolver : Using @ExceptionHandler com.hcl.appscan.customscannersservice.controller.CustomScannersControllerAdvice#handleInvalidArgument(IllegalArgumentException)
2021-07-21 14:31:47.310 DEBUG 18795 --- [http-nio-9221-exec-4] o.s.w.s.m.m.a.HttpEntityMethodProcessor  : Using 'application/json', given [application/json] and supported [application/json, application/*+json, application/json, application/*+json]
2021-07-21 14:31:47.310 DEBUG 18795 --- [http-nio-9221-exec-4] o.s.w.s.m.m.a.HttpEntityMethodProcessor  : Writing [com.hcl.appscan.customscannersservice.controller.CustomScannersControllerAdvice$ErrorMessage@acc6f85]
2021-07-21 14:31:47.311 DEBUG 18795 --- [http-nio-9221-exec-4] .m.m.a.ExceptionHandlerExceptionResolver : Resolved [java.lang.IllegalArgumentException: The following file type is not supported: md]
2021-07-21 14:31:47.311 DEBUG 18795 --- [http-nio-9221-exec-4] o.s.web.servlet.DispatcherServlet        : Completed 422 UNPROCESSABLE_ENTITY
